<?xml version="1.0" encoding="UTF-8"?>
<!-- Generated by org.testng.reporters.JUnitReportReporter -->
<testsuite hostname="DESKTOP-HR04UUE" failures="0" tests="1" name="testcases.WafilifeHomePageTest" time="66.352" errors="0" timestamp="2023-04-08T21:47:02 BDT" skipped="0">
  <testcase classname="testcases.WafilifeHomePageTest" name="HomePageTest" time="66.352"/>
  <system-out/>
</testsuite> <!-- testcases.WafilifeHomePageTest -->
