<?xml version="1.0" encoding="UTF-8"?>
<!-- Generated by org.testng.reporters.JUnitReportReporter -->
<testsuite hostname="DESKTOP-HR04UUE" failures="0" tests="1" name="testcases.WifilifeHomePageTest" time="26.827" errors="0" timestamp="2023-04-08T21:04:39 BDT" skipped="0">
  <testcase classname="testcases.WifilifeHomePageTest" name="HomePageTest" time="26.827"/>
  <system-out/>
</testsuite> <!-- testcases.WifilifeHomePageTest -->
